commit 8d491ec39544f08af3ea2adc55f6d3b08e108117
Author: realsimon <realsimon@gmail.com>
Date:   Tue Feb 9 10:40:13 2016 -0500

    Replaced figlet with artii
    
    Artii use h/t to AngelikaDW:
    https://github.com/AngelikaDW
    Artii gem: https://github.com/miketierney/artii.git

commit e4695a4fe487ecd694de00e0277c7f18724543a3
Author: realsimon <realsimon@gmail.com>
Date:   Tue Feb 9 10:18:19 2016 -0500

    Small syntax improvement for do_total method and brand_toys.each loop

commit 66ba6b46b7b52dfee6f5323479e2093305e46401
Author: realsimon <realsimon@gmail.com>
Date:   Mon Feb 8 23:47:32 2016 -0500

    git.log

commit dc2a3432c5efad05a1876b76b007e294fc120104
Author: realsimon <realsimon@gmail.com>
Date:   Mon Feb 8 23:44:00 2016 -0500

    Replace inject with reduce

commit df917be860fd923debe4b5996f96e46802400d82
Author: realsimon <realsimon@gmail.com>
Date:   Mon Feb 8 23:37:56 2016 -0500

    adding report file

commit 7b10a26f49528062a7d84fb9b806594378e50792
Author: realsimon <realsimon@gmail.com>
Date:   Mon Feb 8 23:36:32 2016 -0500

    Completed "Brands"

commit 0278bd516c943143c1d9ab9ccd1a380fc3e1202b
Author: realsimon <realsimon@gmail.com>
Date:   Mon Feb 8 19:06:49 2016 -0500

    Some more comments and first half of brands

commit 51daa2d5f3a3a3ed6241bcb44c87902e4a62d6e4
Author: realsimon <realsimon@gmail.com>
Date:   Mon Feb 8 18:39:22 2016 -0500

    Products part of report

commit eee4835e62c02b29e9d3c03e67efd2981d38bd9e
Author: realsimon <realsimon@gmail.com>
Date:   Fri Feb 5 01:10:41 2016 -0500

    Ignore

commit 36b6f7ab2a055f0b14e95c1e81af699a3d60b3ba
Author: realsimon <realsimon@gmail.com>
Date:   Fri Feb 5 01:09:43 2016 -0500

    Print banners

commit 2ff6bb237dac1b92f5ae3c8f2bc98f0c79bcdc58
Author: realsimon <realsimon@gmail.com>
Date:   Thu Feb 4 23:39:57 2016 -0500

    setup_files method

commit 990394b61191de5f5344a23769d373eb7dc1a1a3
Author: realsimon <realsimon@gmail.com>
Date:   Thu Feb 4 22:48:18 2016 -0500

    Initial commit
